FAILED tests/integration/kicad/test_component_manager_deletion.py::TestComponentManagerDeletion::test_remove_component_by_reference
FAILED tests/integration/kicad/test_component_manager_deletion.py::TestComponentManagerDeletion::test_remove_component_persistence
FAILED tests/integration/kicad/test_component_manager_deletion.py::TestComponentManagerDeletion::test_remove_by_uuid
FAILED tests/integration/kicad/test_component_manager_deletion.py::TestComponentManagerDeletion::test_remove_updates_component_index
FAILED tests/integration/kicad/test_component_manager_deletion.py::TestComponentManagerDeletion::test_remove_multiple_components_sequential
FAILED tests/integration/kicad/test_component_manager_deletion.py::TestComponentManagerDeletion::test_remove_preserves_other_components
FAILED tests/integration/kicad/test_component_manager_deletion.py::TestComponentManagerDeletion::test_remove_with_large_circuit
FAILED tests/integration/kicad/test_component_manager_deletion.py::TestComponentManagerDeletion::test_remove_and_re_add_same_reference
FAILED tests/integration/kicad/test_component_manager_deletion.py::TestComponentManagerDeletion::test_remove_with_properties
FAILED tests/integration/test_bidirectional_sync.py::TestBidirectionalSync::test_sync_blank_circuit_to_python
FAILED tests/integration/test_bidirectional_sync.py::TestBidirectionalSync::test_sync_single_resistor_removes_pass
FAILED tests/integration/test_bidirectional_sync.py::TestBidirectionalSync::test_sync_preserves_user_comments
FAILED tests/integration/test_bidirectional_sync.py::TestBidirectionalSync::test_sync_preserves_custom_function_name
FAILED tests/integration/test_bidirectional_sync.py::TestBidirectionalSync::test_sync_idempotent
FAILED tests/integration/test_bidirectional_sync.py::TestBidirectionalSync::test_sync_preserves_blank_lines_between_comments
FAILED tests/integration/test_bidirectional_sync.py::TestBidirectionalSync::test_sync_limits_trailing_blank_lines
FAILED tests/integration/test_component_rename_sync.py::TestComponentRenameSync::test_rename_detected_by_position_match
FAILED tests/integration/test_component_rename_sync.py::TestComponentRenameSync::test_multiple_renames_handled_correctly
FAILED tests/integration/test_issue_385_hierarchical_labels.py::TestIssue385HierarchicalLabels::test_simple_resistor_divider_hierarchical_labels
FAILED tests/integration/test_issue_385_hierarchical_labels.py::TestIssue385HierarchicalLabels::test_two_resistors_connected_hierarchical_labels
FAILED tests/integration/test_kicad_importer.py::TestJsonToModelsCircuit::test_convert_simple_circuit
FAILED tests/integration/test_kicad_importer.py::TestConvertModelsCircuitToApiCircuit::test_convert_circuit_with_nets
FAILED tests/integration/test_kicad_importer.py::TestImportKicadProject::test_import_from_json
FAILED tests/integration/test_kicad_importer.py::TestImportKicadProject::test_import_preserves_component_properties
FAILED tests/integration/test_kicad_to_python_syncer_refactored.py::TestKiCadToPythonSyncerRefactored::test_update_json_from_schematic_regenerates_json
FAILED tests/integration/test_pcb_synchronization.py::TestPCBSynchronization::test_component_position_preserved_during_sync
FAILED tests/integration/test_pcb_synchronization.py::TestPCBSynchronization::test_new_component_added_at_default_position
FAILED tests/integration/test_pcb_synchronization.py::TestPCBSynchronization::test_multiple_additions_preserve_all_positions
FAILED tests/integration/test_pcb_synchronization.py::TestPCBSynchronization::test_component_removal_deletes_from_pcb
FAILED tests/integration/test_pcb_synchronization.py::TestPCBSynchronization::test_force_regenerate_loses_position
FAILED tests/integration/test_phase0_json_canonical.py::TestPhase0JSONCanonical::test_01_automatic_json_generation
FAILED tests/integration/test_phase0_json_canonical.py::TestPhase0JSONCanonical::test_06_json_schema_consistency
FAILED tests/integration/test_phase0_json_canonical.py::TestPhase0JSONCanonical::test_07_json_validates_against_schema
FAILED tests/integration/test_phase0_json_canonical.py::TestPhase0JSONCanonical::test_08_round_trip_python_json_python
FAILED tests/integration/test_phase0_json_canonical.py::TestPhase0JSONCanonical::test_10_semantic_equivalence_verification
FAILED tests/integration/test_phase0_json_canonical.py::TestPhase0JSONCanonical::test_11_hierarchical_circuit_json
FAILED tests/integration/test_phase0_json_canonical.py::TestPhase0JSONCanonical::test_12_large_circuit_performance
FAILED tests/integration/test_phase0_json_canonical.py::TestPhase0JSONCanonical::test_16_phase0_completion_criteria
