FAILED tests/bidirectional/07_delete_component/test_07_delete_component.py::test_07_delete_component
FAILED tests/bidirectional/10_generate_with_net/test_10_generate_with_net.py::test_10_visual_validation_only
FAILED tests/bidirectional/12_change_pin_connection/test_12_change_pin_connection.py::test_12_change_pin_connection
FAILED tests/bidirectional/13_rename_component/test_13_rename_component.py::test_13_rename_component_with_position_preservation
FAILED tests/bidirectional/18_multiple_power_domains/test_18_multiple_power_domains.py::test_18_multiple_power_domains
FAILED tests/bidirectional/19_swap_component_type/test_19_swap_component_type.py::test_19_swap_component_type_resistor_to_capacitor
FAILED tests/bidirectional/22_add_subcircuit_sheet/test_22_progressive_subcircuit_addition.py::test_22_progressive_subcircuit_addition
FAILED tests/bidirectional/24_add_global_label/test_24_cross_sheet_connection.py::test_24_cross_sheet_hierarchical_connection
FAILED tests/bidirectional/26_power_symbol_replacement/test_26_power_symbol_replacement.py::test_26_power_symbol_replacement
FAILED tests/bidirectional/29_component_custom_properties/test_custom_properties.py::TestCustomPropertiesPythonToKiCad::test_system_properties_prefixed
FAILED tests/bidirectional/29_component_custom_properties/test_custom_properties.py::TestCustomPropertiesEdgeCases::test_empty_string_property
FAILED tests/bidirectional/30_component_missing_footprint/test_30_component_missing_footprint.py::test_30_component_missing_footprint_graceful_handling
FAILED tests/bidirectional/33_bus_connections/test_33_bus_connections.py::test_33_bus_connections
FAILED tests/bidirectional/35_bulk_component_remove/test_35_bulk_component_remove.py::test_35_bulk_component_remove
FAILED tests/bidirectional/37_replace_subcircuit_contents/test_37_replace_subcircuit_contents.py::test_37_replace_subcircuit_contents
FAILED tests/bidirectional/40_net_operations_in_subcircuit/test_40_net_operations_in_subcircuit.py::test_40_net_operations_in_subcircuit
FAILED tests/bidirectional/43_differential_pairs/test_43_differential_pairs.py::test_43_visual_validation_only
FAILED tests/bidirectional/44_subcircuit_hierarchical_ports/test_44_subcircuit_hierarchical_ports.py::test_44_subcircuit_hierarchical_ports
FAILED tests/bidirectional/45_import_power_symbols_from_kicad/test_45_import_power_symbols.py::test_45_import_power_symbols
FAILED tests/bidirectional/50_component_footprint_change/test_50_footprint_change.py::test_50_footprint_change_smd_to_smd_to_tht
FAILED tests/bidirectional/51_sync_after_external_edit/test_51_external_edit.py::test_51_sync_after_external_edit
FAILED tests/bidirectional/52_unicode_component_names/test_52_unicode.py::test_52_unicode_component_names
FAILED tests/bidirectional/54_drc_validation/test_54_drc.py::test_54_drc_validation_comprehensive
FAILED tests/bidirectional/55_erc_validation/test_55_erc.py::test_55_erc_validation_comprehensive
FAILED tests/bidirectional/55_erc_validation/test_55_erc.py::test_55_visual_validation_only
FAILED tests/bidirectional/61_large_circuit_performance/test_61_large_circuit.py::test_61_large_circuit_performance
FAILED tests/bidirectional/63_component_rotation_preservation/test_63_rotation.py::test_63_component_rotation_preservation
FAILED tests/bidirectional/66_duplicate_net_names_isolation/test_66_duplicate_net_names_isolation.py::test_66_duplicate_net_names_isolation
FAILED tests/bidirectional/67_connected_multi_level_hierarchy/test_67_connected_multi_level_hierarchy.py::test_67_connected_multi_level_hierarchy
FAILED tests/e2e/test_gerber_export.py::TestCircuitGenerateGerbers::test_generate_gerbers_creates_project_path
FAILED tests/e2e/test_pdf_export.py::TestPDFExporter::test_pdf_exporter_requires_kicad
FAILED tests/e2e/test_pdf_export.py::TestCircuitGeneratePDF::test_generate_pdf_default_parameters
FAILED tests/e2e/test_roundtrip_advanced.py::TestComponentRotation::test_component_rotation_preservation
FAILED tests/e2e/test_roundtrip_advanced.py::TestFootprintUpdates::test_footprint_update_preserves_position
FAILED tests/e2e/test_roundtrip_advanced.py::TestManualComponentPreservation::test_manual_component_preserved
FAILED tests/e2e/test_roundtrip_advanced.py::TestComponentMovementWithLabels::test_component_movement_preserves_labels
FAILED tests/e2e/test_roundtrip_preservation.py::TestRoundTripPreservation::test_value_update_with_position_preservation
FAILED tests/integration/kicad/test_component_manager_deletion.py::TestComponentManagerDeletion::test_remove_component_by_reference
FAILED tests/integration/kicad/test_component_manager_deletion.py::TestComponentManagerDeletion::test_remove_component_persistence
FAILED tests/integration/kicad/test_component_manager_deletion.py::TestComponentManagerDeletion::test_remove_by_uuid
FAILED tests/integration/kicad/test_component_manager_deletion.py::TestComponentManagerDeletion::test_remove_updates_component_index
FAILED tests/integration/kicad/test_component_manager_deletion.py::TestComponentManagerDeletion::test_remove_multiple_components_sequential
FAILED tests/integration/kicad/test_component_manager_deletion.py::TestComponentManagerDeletion::test_remove_preserves_other_components
FAILED tests/integration/kicad/test_component_manager_deletion.py::TestComponentManagerDeletion::test_remove_with_large_circuit
FAILED tests/integration/kicad/test_component_manager_deletion.py::TestComponentManagerDeletion::test_remove_and_re_add_same_reference
FAILED tests/integration/kicad/test_component_manager_deletion.py::TestComponentManagerDeletion::test_remove_with_properties
FAILED tests/integration/test_bidirectional_sync.py::TestBidirectionalSync::test_sync_blank_circuit_to_python
FAILED tests/integration/test_bidirectional_sync.py::TestBidirectionalSync::test_sync_single_resistor_removes_pass
FAILED tests/integration/test_bidirectional_sync.py::TestBidirectionalSync::test_sync_preserves_user_comments
FAILED tests/integration/test_bidirectional_sync.py::TestBidirectionalSync::test_sync_preserves_custom_function_name
FAILED tests/integration/test_bidirectional_sync.py::TestBidirectionalSync::test_sync_idempotent
FAILED tests/integration/test_bidirectional_sync.py::TestBidirectionalSync::test_sync_preserves_blank_lines_between_comments
FAILED tests/integration/test_bidirectional_sync.py::TestBidirectionalSync::test_sync_limits_trailing_blank_lines
FAILED tests/integration/test_component_rename_sync.py::TestComponentRenameSync::test_rename_detected_by_position_match
FAILED tests/integration/test_component_rename_sync.py::TestComponentRenameSync::test_multiple_renames_handled_correctly
FAILED tests/integration/test_issue_385_hierarchical_labels.py::TestIssue385HierarchicalLabels::test_simple_resistor_divider_hierarchical_labels
FAILED tests/integration/test_issue_385_hierarchical_labels.py::TestIssue385HierarchicalLabels::test_two_resistors_connected_hierarchical_labels
FAILED tests/integration/test_kicad_importer.py::TestJsonToModelsCircuit::test_convert_simple_circuit
FAILED tests/integration/test_kicad_importer.py::TestConvertModelsCircuitToApiCircuit::test_convert_circuit_with_nets
FAILED tests/integration/test_kicad_importer.py::TestImportKicadProject::test_import_from_json
FAILED tests/integration/test_kicad_importer.py::TestImportKicadProject::test_import_preserves_component_properties
FAILED tests/integration/test_kicad_to_python_syncer_refactored.py::TestKiCadToPythonSyncerRefactored::test_update_json_from_schematic_regenerates_json
FAILED tests/integration/test_pcb_synchronization.py::TestPCBSynchronization::test_component_position_preserved_during_sync
FAILED tests/integration/test_pcb_synchronization.py::TestPCBSynchronization::test_new_component_added_at_default_position
FAILED tests/integration/test_pcb_synchronization.py::TestPCBSynchronization::test_multiple_additions_preserve_all_positions
FAILED tests/integration/test_pcb_synchronization.py::TestPCBSynchronization::test_component_removal_deletes_from_pcb
FAILED tests/integration/test_pcb_synchronization.py::TestPCBSynchronization::test_force_regenerate_loses_position
FAILED tests/integration/test_phase0_json_canonical.py::TestPhase0JSONCanonical::test_01_automatic_json_generation
FAILED tests/integration/test_phase0_json_canonical.py::TestPhase0JSONCanonical::test_06_json_schema_consistency
FAILED tests/integration/test_phase0_json_canonical.py::TestPhase0JSONCanonical::test_07_json_validates_against_schema
FAILED tests/integration/test_phase0_json_canonical.py::TestPhase0JSONCanonical::test_08_round_trip_python_json_python
FAILED tests/integration/test_phase0_json_canonical.py::TestPhase0JSONCanonical::test_10_semantic_equivalence_verification
FAILED tests/integration/test_phase0_json_canonical.py::TestPhase0JSONCanonical::test_11_hierarchical_circuit_json
FAILED tests/integration/test_phase0_json_canonical.py::TestPhase0JSONCanonical::test_12_large_circuit_performance
FAILED tests/integration/test_phase0_json_canonical.py::TestPhase0JSONCanonical::test_16_phase0_completion_criteria
FAILED tests/kicad_netlist_exporter/test_sheet_hierarchy.py::test_parse_hierarchy_from_file
FAILED tests/kicad_to_python/01_simple_resistor/test_01_simple_resistor_workflow.py::Test01SimpleResistorWorkflow::test_full_round_trip_kicad_python_kicad_python
FAILED tests/kicad_to_python/01_simple_resistor/test_01_simple_resistor_workflow.py::Test01SimpleResistorWorkflow::test_kicad_to_python_to_kicad_workflow
FAILED tests/kicad_to_python/01_simple_resistor/test_01_simple_resistor_workflow.py::Test01SimpleResistorWorkflow::test_round_trip_consistency
FAILED tests/kicad_to_python/02_dual_hierarchy/test_02_dual_hierarchy_workflow.py::Test02DualHierarchyWorkflow::test_component_distribution_across_hierarchy
FAILED tests/kicad_to_python/02_dual_hierarchy/test_02_dual_hierarchy_workflow.py::Test02DualHierarchyWorkflow::test_full_hierarchical_round_trip
FAILED tests/kicad_to_python/02_dual_hierarchy/test_02_dual_hierarchy_workflow.py::Test02DualHierarchyWorkflow::test_hierarchical_code_structure
FAILED tests/kicad_to_python/02_dual_hierarchy/test_02_dual_hierarchy_workflow.py::Test02DualHierarchyWorkflow::test_hierarchical_project_detection
FAILED tests/kicad_to_python/02_dual_hierarchy/test_02_dual_hierarchy_workflow.py::Test02DualHierarchyWorkflow::test_hierarchical_reference_preservation
FAILED tests/kicad_to_python/02_dual_hierarchy/test_02_dual_hierarchy_workflow.py::Test02DualHierarchyWorkflow::test_hierarchical_round_trip_execution
FAILED tests/kicad_to_python/02_dual_hierarchy/test_02_dual_hierarchy_workflow.py::Test02DualHierarchyWorkflow::test_subcircuit_instantiation
FAILED tests/kicad_to_python/03_dual_hierarchy_connected/test_03_dual_hierarchy_connected_workflow.py::TestConnectedHierarchicalWorkflow::test_connected_hierarchical_parsing
FAILED tests/kicad_to_python/03_dual_hierarchy_connected/test_03_dual_hierarchy_connected_workflow.py::TestConnectedHierarchicalWorkflow::test_connected_hierarchical_execution
FAILED tests/kicad_to_python/03_dual_hierarchy_connected/test_03_dual_hierarchy_connected_workflow.py::TestConnectedHierarchicalWorkflow::test_connected_net_preservation
FAILED tests/kicad_to_python/03_dual_hierarchy_connected/test_03_dual_hierarchy_connected_workflow.py::TestConnectedHierarchicalWorkflow::test_connected_round_trip
FAILED tests/kicad_to_python/03_dual_hierarchy_connected/test_03_dual_hierarchy_connected_workflow.py::TestConnectedHierarchicalWorkflow::test_hierarchical_reference_uniqueness
FAILED tests/kicad_to_python/04_esp32_c6_hierarchical/test_04_esp32_c6_hierarchical_workflow.py::TestESP32C6HierarchicalWorkflow::test_hierarchical_project_detection
FAILED tests/pcb_generation/01_blank_pcb_generation/test_01_blank_pcb_generation.py::test_01_blank_pcb_generation
FAILED tests/pcb_generation/02_placement_preservation/test_02_placement_preservation.py::test_02_placement_preservation
FAILED tests/pcb_generation/03_add_component_collision_avoidance/test_03_add_component_collision_avoidance.py::test_03_add_component_collision_avoidance
FAILED tests/pcb_generation/04_delete_component/test_04_delete_component.py::test_04_delete_component
FAILED tests/pcb_generation/05_modify_component_fields/test_05_modify_component_fields.py::test_05_modify_component_fields
FAILED tests/pcb_generation/06_component_rotation/test_06_component_rotation.py::test_06_component_rotation
FAILED tests/pcb_generation/07_round_trip_regeneration/test_07_round_trip_regeneration.py::test_07_round_trip_regeneration
FAILED tests/pcb_generation/08_component_layer_assignment/test_08_component_layer_assignment.py::test_08_component_layer_assignment
FAILED tests/pcb_generation/09_board_outline_definition/test_09_board_outline_definition.py::test_09_board_outline_definition
FAILED tests/pcb_generation/10_mounting_holes/test_10_mounting_holes.py::test_10_mounting_holes
FAILED tests/pcb_generation/11_footprint_library_sync/test_11_footprint_library_sync.py::test_11_footprint_library_sync
FAILED tests/pcb_generation/12_through_hole_vias/test_12_through_hole_vias.py::test_12_through_hole_vias
FAILED tests/pcb_generation/13_blind_vias/test_13_blind_vias.py::test_13_blind_vias
FAILED tests/pcb_generation/14_buried_vias/test_14_buried_vias.py::test_14_buried_vias
FAILED tests/pcb_generation/15_silkscreen_features/test_15_silkscreen_features.py::test_15_silkscreen_features
FAILED tests/pcb_generation/16_fiducial_markers/test_16_fiducial_markers.py::test_16_fiducial_markers
FAILED tests/pcb_generation/17_gerber_drill_export/test_17_gerber_drill_export.py::test_17_gerber_drill_export
FAILED tests/pcb_generation/18_pnp_bom_export/test_18_pnp_bom_export.py::test_18_pnp_bom_export
FAILED tests/placement/test_improved_placement.py::test_placement_circuit - A...
FAILED tests/test_bidirectional_automated/test_automated_kicad_to_python.py::TestKiCadToPythonImport::test_02_import_generated_schematic
FAILED tests/test_bidirectional_automated/test_automated_kicad_to_python.py::TestKiCadToPythonImport::test_import_preserves_component_positions
FAILED tests/test_bidirectional_automated/test_automated_kicad_to_python.py::TestKiCadToPythonImport::test_import_blank_schematic
FAILED tests/test_bidirectional_automated/test_automated_python_to_kicad.py::TestPythonToKiCadGeneration::test_10_generate_with_net
FAILED tests/test_bidirectional_automated/test_automated_python_to_kicad.py::TestPythonToKiCadGeneration::test_15_complex_circuit
FAILED tests/test_bidirectional_automated/test_automated_python_to_kicad.py::TestPythonToKiCadGeneration::test_project_files_generated
FAILED tests/test_bidirectional_automated/test_automated_python_to_kicad.py::TestPythonToKiCadGeneration::test_schematic_opens_in_kicad_api
FAILED tests/test_bidirectional_automated/test_automated_python_to_kicad.py::TestPythonToKiCadGeneration::test_component_properties_preserved
FAILED tests/test_bidirectional_automated/test_automated_python_to_kicad.py::TestPythonToKiCadGeneration::test_multiple_generation_cycles
FAILED tests/test_bidirectional_automated/test_automated_roundtrip.py::TestRoundTripConsistency::test_04_simple_roundtrip
FAILED tests/test_bidirectional_automated/test_automated_roundtrip.py::TestRoundTripConsistency::test_04_two_resistors_roundtrip
FAILED tests/test_bidirectional_automated/test_automated_roundtrip.py::TestRoundTripConsistency::test_04_roundtrip_with_nets
FAILED tests/test_bidirectional_automated/test_automated_roundtrip.py::TestRoundTripConsistency::test_14_incremental_growth_roundtrip
FAILED tests/test_bidirectional_automated/test_automated_roundtrip.py::TestRoundTripConsistency::test_multiple_roundtrip_cycles
FAILED tests/test_bidirectional_automated/test_component_operations.py::TestComponentOperations::test_06_add_component
FAILED tests/test_bidirectional_automated/test_component_operations.py::TestComponentOperations::test_07_delete_component
FAILED tests/test_bidirectional_automated/test_component_operations.py::TestComponentOperations::test_08_modify_component_value
FAILED tests/test_bidirectional_automated/test_component_operations.py::TestComponentOperations::test_13_rename_component
FAILED tests/test_bidirectional_automated/test_component_operations.py::TestComponentOperations::test_modify_footprint
FAILED tests/test_bidirectional_automated/test_component_operations.py::TestComponentOperations::test_bulk_component_operations
FAILED tests/test_bidirectional_automated/test_net_operations.py::TestNetOperations::test_10_generate_circuit_with_net
FAILED tests/test_bidirectional_automated/test_net_operations.py::TestNetOperations::test_11_add_net_to_existing_components
FAILED tests/test_bidirectional_automated/test_net_operations.py::TestNetOperations::test_18_rename_net
FAILED tests/test_bidirectional_automated/test_net_operations.py::TestNetOperations::test_19_delete_net
FAILED tests/test_bidirectional_automated/test_net_operations.py::TestNetOperations::test_22_merge_nets
FAILED tests/test_bidirectional_automated/test_net_operations.py::TestNetOperations::test_21_split_net
FAILED tests/test_bidirectional_automated/test_net_operations.py::TestNetOperations::test_23_multiple_nets_per_component
FAILED tests/test_bidirectional_automated/test_net_operations.py::TestNetOperations::test_24_auto_net_naming
FAILED tests/test_bidirectional_automated/test_net_operations.py::TestNetOperations::test_25_add_component_and_net_together
FAILED tests/test_bidirectional_automated/test_position_preservation.py::TestPositionPreservation::test_09_position_preserved_when_adding_component
FAILED tests/test_bidirectional_automated/test_position_preservation.py::TestPositionPreservation::test_16_position_preserved_on_regeneration
FAILED tests/test_bidirectional_automated/test_position_preservation.py::TestPositionPreservation::test_position_preservation_with_deletion
FAILED tests/test_bidirectional_automated/test_position_preservation.py::TestPositionPreservation::test_grid_snapping_tolerance
FAILED tests/test_hierarchical_synchronizer.py::TestHierarchicalSynchronizer::test_component_matching
FAILED tests/test_hierarchical_synchronizer.py::TestHierarchicalSynchronizer::test_multi_level_hierarchy
FAILED tests/test_hierarchical_synchronizer.py::TestHierarchicalSynchronizer::test_position_preservation
FAILED tests/test_hierarchical_synchronizer.py::TestHierarchicalSynchronizer::test_sheet_detection
FAILED tests/unit/kicad/test_library_sourcing.py::TestLibraryOrchestrator::test_search_with_cache
FAILED tests/unit/kicad/test_library_sourcing.py::TestLibraryOrchestrator::test_fallback_search
FAILED tests/unit/test_core_circuit.py::TestCircuit::test_to_dict - Assertion...
FAILED tests/unit/test_power_symbol_generation.py::TestPowerSymbolGeneration::test_gnd_generates_power_symbol
FAILED tests/unit/test_power_symbol_generation.py::TestPowerSymbolGeneration::test_vcc_generates_power_symbol
FAILED tests/unit/test_power_symbol_generation.py::TestPowerSymbolGeneration::test_multiple_power_nets
FAILED tests/unit/test_power_symbol_generation.py::TestPowerSymbolGeneration::test_regular_nets_still_use_hierarchical_labels
FAILED tests/unit/test_power_symbol_generation.py::TestNetJSONSerialization::test_power_net_serialization
FAILED tests/unit/test_power_symbol_generation.py::TestPowerSymbolReferences::test_power_symbol_unique_references
FAILED tests/unit/test_python_code_generator_edge_cases.py::TestPythonCodeGeneratorEdgeCases::test_circuit_with_no_nets
FAILED tests/unit/test_python_code_generator_edge_cases.py::TestPythonCodeGeneratorEdgeCases::test_component_reference_sanitization
